mode: set
github.com/Wishmob/bookingsApp/internal/forms/errors.go:6.44,8.2 1 1
github.com/Wishmob/bookingsApp/internal/forms/errors.go:11.41,13.17 2 1
github.com/Wishmob/bookingsApp/internal/forms/errors.go:16.2,16.14 1 1
github.com/Wishmob/bookingsApp/internal/forms/errors.go:13.17,15.3 1 1
github.com/Wishmob/bookingsApp/internal/forms/forms.go:19.33,24.2 1 1
github.com/Wishmob/bookingsApp/internal/forms/forms.go:27.29,29.2 1 1
github.com/Wishmob/bookingsApp/internal/forms/forms.go:32.38,33.24 1 1
github.com/Wishmob/bookingsApp/internal/forms/forms.go:33.24,35.3 1 1
github.com/Wishmob/bookingsApp/internal/forms/forms.go:35.8,37.3 1 1
github.com/Wishmob/bookingsApp/internal/forms/forms.go:40.43,41.31 1 1
github.com/Wishmob/bookingsApp/internal/forms/forms.go:41.31,43.37 2 1
github.com/Wishmob/bookingsApp/internal/forms/forms.go:43.37,45.4 1 1
github.com/Wishmob/bookingsApp/internal/forms/forms.go:50.57,52.25 2 1
github.com/Wishmob/bookingsApp/internal/forms/forms.go:56.2,56.13 1 1
github.com/Wishmob/bookingsApp/internal/forms/forms.go:52.25,55.3 2 1
github.com/Wishmob/bookingsApp/internal/forms/forms.go:60.38,61.39 1 1
github.com/Wishmob/bookingsApp/internal/forms/forms.go:61.39,63.3 1 1
